TN:
SF:script/Deploy.s.sol
DA:15,0
FN:15,DeployScript.setUp
FNDA:0,DeployScript.setUp
DA:17,0
FN:17,DeployScript.run
FNDA:0,DeployScript.run
DA:18,0
DA:19,0
DA:21,0
DA:22,0
DA:23,0
DA:24,0
FNF:2
FNH:0
LF:8
LH:0
BRF:0
BRH:0
end_of_record
TN:
SF:src/BookDeployer.sol
DA:37,21
FN:37,BookDeployer.constructor
FNDA:21,BookDeployer.constructor
DA:38,21
DA:44,26
FN:44,BookDeployer.deployBook
FNDA:26,BookDeployer.deployBook
DA:45,26
DA:46,26
DA:47,26
DA:50,27
FN:50,BookDeployer.getDeployments
FNDA:27,BookDeployer.getDeployments
DA:51,27
DA:52,27
DA:53,33
DA:55,27
FNF:3
FNH:3
LF:11
LH:11
BRF:0
BRH:0
end_of_record
TN:
SF:src/BookManager.sol
DA:49,400
FN:49,BookManager.hasNotConfirmed
FNDA:400,BookManager.hasNotConfirmed
DA:50,400
DA:51,400
DA:52,19900
BRDA:52,0,0,100
DA:53,100
DA:54,100
DA:57,400
BRDA:57,1,0,-
BRDA:57,1,1,-
DA:61,38
FN:61,BookManager.notFinalized
FNDA:38,BookManager.notFinalized
DA:62,38
BRDA:62,2,0,-
BRDA:62,2,1,-
DA:73,47
FN:73,BookManager.constructor
FNDA:47,BookManager.constructor
DA:74,47
DA:75,47
DA:76,47
DA:77,47
DA:82,35
FN:82,BookManager.addBatchVerses
FNDA:35,BookManager.addBatchVerses
DA:88,35
DA:89,35
BRDA:89,3,0,-
BRDA:89,3,1,-
DA:90,35
BRDA:90,4,0,-
BRDA:90,4,1,-
DA:92,35
BRDA:92,5,0,19
BRDA:92,5,1,16
DA:93,19
BRDA:93,6,0,-
BRDA:93,6,1,-
DA:97,18
BRDA:97,7,0,-
BRDA:97,7,1,-
DA:100,17
BRDA:100,8,0,-
BRDA:100,8,1,-
DA:106,16
BRDA:106,9,0,-
BRDA:106,9,1,-
DA:112,35
DA:113,2268
DA:117,30
BRDA:117,10,0,29
DA:118,29
DA:124,20200
FN:124,BookManager.confirmVerse
FNDA:20200,BookManager.confirmVerse
DA:128,300
DA:129,300
DA:135,3
FN:135,BookManager.finalizeBook
FNDA:3,BookManager.finalizeBook
DA:136,3
DA:137,3
DA:142,1
FN:142,BookManager.getLastVerseAdded
FNDA:1,BookManager.getLastVerseAdded
DA:143,1
DA:148,2
FN:148,BookManager.getVerseByNumber
FNDA:2,BookManager.getVerseByNumber
DA:149,2
DA:152,2268
FN:152,BookManager._storeVerse
FNDA:2268,BookManager._storeVerse
DA:158,2268
DA:159,2268
DA:160,2268
DA:161,2268
DA:162,2268
DA:163,2268
DA:165,2268
DA:171,19
FN:171,BookManager.preventSkippingVerse
FNDA:19,BookManager.preventSkippingVerse
DA:172,19
DA:173,19
DA:175,19
BRDA:175,11,0,17
DA:176,17
BRDA:176,12,0,1
DA:177,1
DA:180,19
DA:185,18
FN:185,BookManager.preventSkippingChapter
FNDA:18,BookManager.preventSkippingChapter
DA:186,18
DA:187,18
DA:188,18
BRDA:188,13,0,1
DA:189,1
DA:191,0
DA:194,17
FN:194,BookManager.enforceFirstVerseOfNewChapter
FNDA:17,BookManager.enforceFirstVerseOfNewChapter
DA:195,17
DA:196,17
DA:197,17
BRDA:197,14,0,1
DA:198,1
DA:200,0
DA:203,16
FN:203,BookManager.enforceFirstVerse
FNDA:16,BookManager.enforceFirstVerse
DA:204,16
DA:205,16
BRDA:205,15,0,2
DA:206,2
DA:208,0
FNF:13
FNH:13
LF:69
LH:66
BRF:25
BRH:9
end_of_record
